<?xml version="1.0" encoding="UTF-8"?>
<testsuite name="sort.radix.RadixSortTest" tests="1" skipped="0" failures="0" errors="0" timestamp="2016-11-08T16:19:11" hostname="Buster131" time="0.006">
  <properties/>
  <testcase name="testIfArraySorted" classname="sort.radix.RadixSortTest" time="0.006"/>
  <system-out><![CDATA[]]></system-out>
  <system-err><![CDATA[]]></system-err>
</testsuite>
